{"level":"info","message":"Connected to MongoDB"}
{"level":"info","message":"Shutting down graceful","signal":"interrupt"}
{"level":"info","message":"Connected to MongoDB"}
{"level":"info","message":"Connected to MongoDB"}
{"level":"info","message":"Connected to MongoDB"}
{"level":"info","message":"Shutting down graceful","signal":"interrupt"}
{"level":"info","message":"Connecting to MongoDB"}
{"level":"info","message":"Shutting down graceful","signal":"interrupt"}
{"level":"info","message":"Connecting to MongoDB"}
{"level":"info","message":"Starting web server"}
{"level":"info","message":"Shutting down graceful","signal":"interrupt"}
{"level":"info","message":"Connecting to MongoDB"}
{"level":"info","message":"Starting web server"}
{"level":"info","message":"Shutting down graceful","signal":"interrupt"}
{"level":"info","message":"Connecting to MongoDB"}
{"level":"info","message":"Starting web server"}
{"level":"info","message":"Shutting down graceful","signal":"interrupt"}
{"level":"info","message":"Connecting to MongoDB"}
{"level":"info","message":"Register routes"}
{"level":"error","message":"Register controller","controller":"","path":"/auth","method":"GET"}
{"level":"info","message":"Starting web server"}
{"level":"info","message":"Shutting down graceful","signal":"interrupt"}
{"level":"info","message":"Connecting to MongoDB"}
{"level":"info","message":"Register routes"}
{"level":"error","message":"Register controller","controller":"ptr","path":"/auth","method":"GET"}
{"level":"info","message":"Starting web server"}
{"level":"info","message":"Shutting down graceful","signal":"interrupt"}
{"level":"info","message":"Connecting to MongoDB"}
{"level":"info","message":"Register routes"}
{"level":"error","message":"Register controller","controller":"AuthController","path":"/auth","method":"GET"}
{"level":"info","message":"Starting web server"}
{"level":"info","message":"Shutting down graceful","signal":"interrupt"}
{"level":"info","message":"Connecting to MongoDB"}
{"level":"info","message":"Register routes"}
{"level":"error","message":"Register controller","controller":"AuthController","path":"/auth","method":"GET"}
{"level":"info","message":"Starting web server"}
